  Assembling main.asm...
C:\irvine\SmallWin.inc(10): error A2008: syntax error : .
C:\irvine\SmallWin.inc(11): error A2008: syntax error : .
C:\irvine\SmallWin.inc(12): error A2008: syntax error : .
C:\irvine\SmallWin.inc(299): error A2008: syntax error : ,
C:\irvine\SmallWin.inc(302): error A2008: syntax error : ,
C:\irvine\SmallWin.inc(311): error A2008: syntax error : ,
C:\irvine\SmallWin.inc(314): error A2008: syntax error : ,
C:\irvine\SmallWin.inc(318): error A2008: syntax error : ,
C:\irvine\SmallWin.inc(323): error A2008: syntax error : ,
C:\irvine\SmallWin.inc(332): error A2008: syntax error : ,
C:\irvine\SmallWin.inc(339): error A2008: syntax error : ,
C:\irvine\SmallWin.inc(343): error A2008: syntax error : ,
C:\irvine\SmallWin.inc(347): error A2008: syntax error : ,
C:\irvine\SmallWin.inc(351): error A2008: syntax error : ,
C:\irvine\SmallWin.inc(357): error A2008: syntax error : ,
C:\irvine\SmallWin.inc(362): error A2008: syntax error : ,
C:\irvine\SmallWin.inc(365): error A2008: syntax error : ,
C:\irvine\SmallWin.inc(369): error A2008: syntax error : ,
C:\irvine\SmallWin.inc(372): error A2008: syntax error : ,
C:\irvine\SmallWin.inc(380): error A2008: syntax error : ,
C:\irvine\SmallWin.inc(385): error A2008: syntax error : ,
C:\irvine\SmallWin.inc(390): error A2008: syntax error : ,
C:\irvine\SmallWin.inc(393): error A2008: syntax error : ,
C:\irvine\SmallWin.inc(398): error A2008: syntax error : ,
C:\irvine\SmallWin.inc(403): error A2008: syntax error : ,
C:\irvine\SmallWin.inc(406): error A2008: syntax error : ,
C:\irvine\SmallWin.inc(412): error A2008: syntax error : ,
C:\irvine\SmallWin.inc(418): error A2008: syntax error : ,
C:\irvine\SmallWin.inc(421): error A2008: syntax error : ,
C:\irvine\SmallWin.inc(428): error A2008: syntax error : ,
C:\irvine\SmallWin.inc(434): error A2008: syntax error : ,
C:\irvine\SmallWin.inc(441): error A2008: syntax error : ,
C:\irvine\SmallWin.inc(444): error A2008: syntax error : ,
C:\irvine\SmallWin.inc(448): error A2008: syntax error : ,
C:\irvine\SmallWin.inc(452): error A2008: syntax error : ,
C:\irvine\SmallWin.inc(456): error A2008: syntax error : ,
C:\irvine\SmallWin.inc(460): error A2008: syntax error : ,
C:\irvine\SmallWin.inc(464): error A2008: syntax error : ,
C:\irvine\SmallWin.inc(467): error A2008: syntax error : ,
C:\irvine\SmallWin.inc(472): error A2008: syntax error : ,
C:\irvine\SmallWin.inc(478): error A2008: syntax error : ,
C:\irvine\SmallWin.inc(481): error A2008: syntax error : ,
C:\irvine\SmallWin.inc(484): error A2008: syntax error : ,
C:\irvine\SmallWin.inc(488): error A2008: syntax error : ,
C:\irvine\SmallWin.inc(495): error A2008: syntax error : ,
C:\irvine\SmallWin.inc(502): error A2008: syntax error : ,
C:\irvine\SmallWin.inc(509): error A2008: syntax error : ,
C:\irvine\SmallWin.inc(516): error A2008: syntax error : near
C:\irvine\Irvine32.inc(22): error A2008: syntax error : ,
C:\irvine\Irvine32.inc(66): error A2008: syntax error : ,
C:\irvine\Irvine32.inc(71): error A2008: syntax error : ,
C:\irvine\Irvine32.inc(76): error A2008: syntax error : ,
C:\irvine\Irvine32.inc(82): error A2008: syntax error : ,
C:\irvine\Irvine32.inc(87): error A2008: syntax error : ,
C:\irvine\Irvine32.inc(93): error A2008: syntax error : ,
C:\irvine\Irvine32.inc(99): error A2008: syntax error : ,
main.asm(3): error A2008: syntax error : .
main.asm(4): error A2008: syntax error : .
main.asm(5): error A2008: syntax error : .
main.asm(62): error A2008: syntax error : INVOKE
main.asm(201): error A2070: invalid instruction operands
main.asm(241): error A2070: invalid instruction operands
main.asm(256): error A2070: invalid instruction operands
main.asm(282): error A2070: invalid instruction operands
main.asm(342): error A2008: syntax error : main
main.asm(342): error A2088: END directive required at end of file
main.asm(166): error A2229: cannot use labels and 32-bit addressing in the same expression
main.asm(172): error A2229: cannot use labels and 32-bit addressing in the same expression
main.asm(176): error A2229: cannot use labels and 32-bit addressing in the same expression
main.asm(204): error A2229: cannot use labels and 32-bit addressing in the same expression
main.asm(214): error A2229: cannot use labels and 32-bit addressing in the same expression
main.asm(226): error A2229: cannot use labels and 32-bit addressing in the same expression
main.asm(261): error A2229: cannot use labels and 32-bit addressing in the same expression
main.asm(266): error A2229: cannot use labels and 32-bit addressing in the same expression
main.asm(276): error A2229: cannot use labels and 32-bit addressing in the same expression
main.asm(303): error A2229: cannot use labels and 32-bit addressing in the same expression
main.asm(316): error A2229: cannot use labels and 32-bit addressing in the same expression
main.asm(321): error A2229: cannot use labels and 32-bit addressing in the same expression
C:\Program Files\Microsoft Visual Studio\2022\Community\MSBuild\Microsoft\VC\v170\BuildCustomizations\masm.targets(70,5): error MSB3721: The command "ml64.exe /c /nologo /Zi /Fo"x64\Debug\main.obj" /I "C:\irvine" /W3 /errorReport:prompt  /Tamain.asm" exited with code 1.
